Arguments: 
  /home/rodrigo/.nvm/versions/node/v8.9.1/bin/node /home/rodrigo/.nvm/versions/node/v8.9.1/bin/yarn add -D surge

PATH: 
  /home/rodrigo/.nvm/versions/node/v8.9.1/bin:/home/rodrigo/.rvm/gems/ruby-2.4.1/bin:/home/rodrigo/.rvm/gems/ruby-2.4.1@global/bin:/home/rodrigo/.rvm/rubies/ruby-2.4.1/bin:/usr/local/sbin:/usr/local/bin:/usr/bin:/usr/sbin:/sbin:/bin:/home/rodrigo/.rvm/bin

Yarn version: 
  1.3.2

Node version: 
  8.9.1

Platform: 
  linux x64

npm manifest: 
  {
    "name": "dynabook",
    "version": "0.0.1",
    "private": true,
    "devDependencies": {
      "preact-scripts": "0.3.0-alpha",
      "react-test-renderer": "^15.3.0"
    },
    "dependencies": {
      "preact": "^5.6.0"
    },
    "scripts": {
      "start": "preact-scripts start",
      "build": "preact-scripts build",
      "eject": "preact-scripts eject",
      "test": "preact-scripts test"
    },
    "eslintConfig": {
      "extends": "./node_modules/preact-scripts/config/eslint.js"
    }
  }

yarn manifest: 
  No manifest

Lockfile: 
  No lockfile

Trace: 
  Error: https://registry.yarnpkg.com/babel-eslint: ETIMEDOUT
      at Timeout._onTimeout (/home/rodrigo/.nvm/versions/node/v8.9.1/lib/node_modules/yarn/lib/cli.js:123749:19)
      at ontimeout (timers.js:475:11)
      at tryOnTimeout (timers.js:310:5)
      at Timer.listOnTimeout (timers.js:270:5)
